\BOOKMARK [0][-]{chapter.1}{Introduction}{}% 1
\BOOKMARK [1][-]{section.1.1}{Resonators}{chapter.1}% 2
\BOOKMARK [2][-]{subsection.1.1.1}{Explaination}{section.1.1}% 3
\BOOKMARK [1][-]{section.1.2}{Optical Resonators}{chapter.1}% 4
\BOOKMARK [2][-]{subsection.1.2.1}{Different Geometeries}{section.1.2}% 5
\BOOKMARK [1][-]{section.1.3}{Fabry-Perot Resonators}{chapter.1}% 6
\BOOKMARK [2][-]{subsection.1.3.1}{Explaination}{section.1.3}% 7
\BOOKMARK [1][-]{section.1.4}{Ring Resonators}{chapter.1}% 8
\BOOKMARK [2][-]{subsection.1.4.1}{All-Pass}{section.1.4}% 9
\BOOKMARK [2][-]{subsection.1.4.2}{Add drop}{section.1.4}% 10
\BOOKMARK [2][-]{subsection.1.4.3}{Coupled Ring}{section.1.4}% 11
\BOOKMARK [1][-]{subsection.1.4.3}{References}{chapter.1}% 12
\BOOKMARK [0][-]{chapter.2}{Area of Study}{}% 13
\BOOKMARK [1][-]{section.2.1}{The Fabry-Perot Interferometer}{chapter.2}% 14
\BOOKMARK [2][-]{subsection.2.1.1}{Theory of Fabry-Perot interferometer}{section.2.1}% 15
\BOOKMARK [2][-]{subsection.2.1.2}{Finese, Q-factor}{section.2.1}% 16
\BOOKMARK [1][-]{section.2.2}{Gain incorporation in Resonators}{chapter.2}% 17
\BOOKMARK [2][-]{subsection.2.2.1}{Beer's Law}{section.2.2}% 18
\BOOKMARK [2][-]{subsection.2.2.2}{Beer's law study as gain}{section.2.2}% 19
\BOOKMARK [1][-]{section.2.3}{Gain medium}{chapter.2}% 20
\BOOKMARK [0][-]{chapter.3}{Coupled Resonators with Gain}{}% 21
\BOOKMARK [1][-]{section.3.1}{Coupled resontaor with Gain medium}{chapter.3}% 22
\BOOKMARK [2][-]{subsection.3.1.1}{Gain element}{section.3.1}% 23
\BOOKMARK [1][-]{section.3.2}{Calculation/Equations}{chapter.3}% 24
\BOOKMARK [2][-]{subsection.3.2.1}{For single}{section.3.2}% 25
\BOOKMARK [2][-]{subsection.3.2.2}{For coupled}{section.3.2}% 26
\BOOKMARK [2][-]{subsection.3.2.3}{For triple}{section.3.2}% 27
\BOOKMARK [1][-]{section.3.3}{Coupling Regimes}{chapter.3}% 28
\BOOKMARK [0][-]{chapter.4}{Electromagnetically Induced Transparecy}{}% 29
\BOOKMARK [1][-]{section.4.1}{EIT in Atoms}{chapter.4}% 30
\BOOKMARK [2][-]{subsection.4.1.1}{Two level Atoms}{section.4.1}% 31
\BOOKMARK [1][-]{section.4.2}{EIT in ring resonators}{chapter.4}% 32
\BOOKMARK [1][-]{section.4.3}{EIT in Coupled resonators\(CRIT\)}{chapter.4}% 33
\BOOKMARK [1][-]{section.4.4}{CRIT with gain}{chapter.4}% 34
\BOOKMARK [1][-]{section.4.5}{Results}{chapter.4}% 35
\BOOKMARK [0][-]{chapter.5}{Electromagnetically Induced Absorbption}{}% 36
\BOOKMARK [1][-]{section.5.1}{EIA concepts}{chapter.5}% 37
\BOOKMARK [2][-]{subsection.5.1.1}{EIA in atoms}{section.5.1}% 38
\BOOKMARK [2][-]{subsection.5.1.2}{EIA Quantum phenomena}{section.5.1}% 39
\BOOKMARK [1][-]{section.5.2}{EIA in resonators}{chapter.5}% 40
\BOOKMARK [2][-]{subsection.5.2.1}{Coupled resontors induced Absorption}{section.5.2}% 41
\BOOKMARK [1][-]{section.5.3}{CRIA with gain}{chapter.5}% 42
\BOOKMARK [0][-]{chapter.6}{Conclusion}{}% 43
\BOOKMARK [0][-]{appendix.A}{Abrevations}{}% 44
